<?xml version="1.0" encoding="UTF-8"?>
<testng-results skipped="0" failed="0" ignored="0" total="2" passed="2">
  <reporter-output>
  </reporter-output>
  <suite name="Default suite" duration-ms="35794" started-at="2017-11-07T23:09:23Z" finished-at="2017-11-07T23:09:58Z">
    <groups>
    </groups>
    <test name="Default test" duration-ms="35794" started-at="2017-11-07T23:09:23Z" finished-at="2017-11-07T23:09:58Z">
      <class name="tests.WebTestsInTestNG">
        <test-method status="PASS" signature="setUp()[pri:0, instance:tests.WebTestsInTestNG@6f1fba17]" name="setUp" is-config="true" duration-ms="29932" started-at="2017-11-07T18:09:23Z" finished-at="2017-11-07T18:09:53Z">
          <reporter-output>
          </reporter-output>
        </test-method> <!-- setUp -->
        <test-method status="PASS" signature="displayItems()[pri:1, instance:tests.WebTestsInTestNG@6f1fba17]" name="displayItems" duration-ms="850" started-at="2017-11-07T18:09:53Z" finished-at="2017-11-07T18:09:53Z">
          <reporter-output>
          </reporter-output>
        </test-method> <!-- displayItems -->
        <test-method status="PASS" signature="storFoodItemsAndServings()[pri:2, instance:tests.WebTestsInTestNG@6f1fba17]" name="storFoodItemsAndServings" duration-ms="604" started-at="2017-11-07T18:09:53Z" finished-at="2017-11-07T18:09:54Z">
          <reporter-output>
          </reporter-output>
        </test-method> <!-- storFoodItemsAndServings -->
        <test-method status="PASS" signature="closeConnection()[pri:0, instance:tests.WebTestsInTestNG@6f1fba17]" name="closeConnection" is-config="true" duration-ms="4321" started-at="2017-11-07T18:09:54Z" finished-at="2017-11-07T18:09:58Z">
          <reporter-output>
          </reporter-output>
        </test-method> <!-- closeConnection -->
      </class> <!-- tests.WebTestsInTestNG -->
    </test> <!-- Default test -->
  </suite> <!-- Default suite -->
</testng-results>
